Wed Jan 31 16:45:50 2024
 [INFO] Socket created!
Wed Jan 31 16:45:50 2024
 [INFO] Listening on PORT 8080
Wed Jan 31 16:45:50 2024
 [INFO] Setting up routes
Wed Jan 31 16:45:50 2024
 [INFO] Server starting
Wed Jan 31 16:45:52 2024
 [INFO] Receiving request
 GET / HTTP/1.1
Host: localhost:8080
Connection: keep-alive
sec-ch-ua: "Not A(Brand";v="99", "Microsoft Edge";v="121", "Chromium";v="121"
sec-ch-ua-mobile: ?0
sec-ch-ua-platform: "Windows"
Upgrade-Insecure-Requests: 1
User-Agent: Mozilla/5.0 (Windows NT 10.0; Win64; x64) AppleWebKit/537.36 (KHTML, like Gecko) Chrome/121.0.0.0 Safari/537.36 Edg/121.0.0.0
Accept: text/html,application/xhtml+xml,application/xml;q=0.9,image/avif,image/webp,image/apng,*/*;q=0.8,application/signed-exchange;v=b3;q=0.7
Sec-Fetch-Site: none
Sec-Fetch-Mode: navigate
Sec-Fetch-User: ?1
Sec-Fetch-Dest: document
Accept-Encoding: gzip, deflate, br
Accept-Language: zh-CN,zh;q=0.9,en;q=0.8,en-GB;q=0.7,en-US;q=0.6
Cookie: tenantId=default; _xsrf=2|f6975bc1|155980fe6e864b155fe3009b09e4e2bc|1704460198; username-localhost-8888="2|1:0|10:1705044573|23:username-localhost-8888|44:M2VkM2VjMjRkZGE4NDQ4ZWExMmEzMDhmMDQ3ODQ4N2U=|f7152eddae41ef00aee04836a44dfa5146e1a784dea07e34773fbd606e7bfe09"


Wed Jan 31 16:45:52 2024
 [INFO] Parsing HTTP requests
Wed Jan 31 16:45:52 2024
 [INFO] Handling HTTP request for URI: /
Wed Jan 31 16:45:52 2024
 [INFO] Sending back: hello world!
Wed Jan 31 16:45:52 2024
 [INFO] Receiving request
 GET /favicon.ico HTTP/1.1
Host: localhost:8080
Connection: keep-alive
sec-ch-ua: "Not A(Brand";v="99", "Microsoft Edge";v="121", "Chromium";v="121"
sec-ch-ua-mobile: ?0
User-Agent: Mozilla/5.0 (Windows NT 10.0; Win64; x64) AppleWebKit/537.36 (KHTML, like Gecko) Chrome/121.0.0.0 Safari/537.36 Edg/121.0.0.0
sec-ch-ua-platform: "Windows"
Accept: image/avif,image/webp,image/apng,image/svg+xml,image/*,*/*;q=0.8
Sec-Fetch-Site: same-origin
Sec-Fetch-Mode: no-cors
Sec-Fetch-Dest: image
Referer: http://localhost:8080/
Accept-Encoding: gzip, deflate, br
Accept-Language: zh-CN,zh;q=0.9,en;q=0.8,en-GB;q=0.7,en-US;q=0.6
Cookie: tenantId=default; _xsrf=2|f6975bc1|155980fe6e864b155fe3009b09e4e2bc|1704460198; username-localhost-8888="2|1:0|10:1705044573|23:username-localhost-8888|44:M2VkM2VjMjRkZGE4NDQ4ZWExMmEzMDhmMDQ3ODQ4N2U=|f7152eddae41ef00aee04836a44dfa5146e1a784dea07e34773fbd606e7bfe09"


Wed Jan 31 16:45:52 2024
 [INFO] Parsing HTTP requests
Wed Jan 31 16:45:52 2024
 [INFO] Handling HTTP request for URI: /favicon.ico
Wed Jan 31 16:45:52 2024
 [INFO] Sending back: 404 NOT FOUND!!!
Wed Jan 31 16:46:00 2024
 [INFO] Receiving request
 GET /register HTTP/1.1
Host: localhost:8080
Connection: keep-alive
sec-ch-ua: "Not A(Brand";v="99", "Microsoft Edge";v="121", "Chromium";v="121"
sec-ch-ua-mobile: ?0
sec-ch-ua-platform: "Windows"
Upgrade-Insecure-Requests: 1
User-Agent: Mozilla/5.0 (Windows NT 10.0; Win64; x64) AppleWebKit/537.36 (KHTML, like Gecko) Chrome/121.0.0.0 Safari/537.36 Edg/121.0.0.0
Accept: text/html,application/xhtml+xml,application/xml;q=0.9,image/avif,image/webp,image/apng,*/*;q=0.8,application/signed-exchange;v=b3;q=0.7
Sec-Fetch-Site: none
Sec-Fetch-Mode: navigate
Sec-Fetch-User: ?1
Sec-Fetch-Dest: document
Accept-Encoding: gzip, deflate, br
Accept-Language: zh-CN,zh;q=0.9,en;q=0.8,en-GB;q=0.7,en-US;q=0.6
Cookie: tenantId=default; _xsrf=2|f6975bc1|155980fe6e864b155fe3009b09e4e2bc|1704460198; username-localhost-8888="2|1:0|10:1705044573|23:username-localhost-8888|44:M2VkM2VjMjRkZGE4NDQ4ZWExMmEzMDhmMDQ3ODQ4N2U=|f7152eddae41ef00aee04836a44dfa5146e1a784dea07e34773fbd606e7bfe09"


Wed Jan 31 16:46:00 2024
 [INFO] Parsing HTTP requests
Wed Jan 31 16:46:00 2024
 [INFO] Handling HTTP request for URI: /register
Wed Jan 31 16:46:00 2024
 [INFO] Sending back: Please use POST to register
Wed Jan 31 16:46:00 2024
 [INFO] Receiving request
 GET /favicon.ico HTTP/1.1
Host: localhost:8080
Connection: keep-alive
sec-ch-ua: "Not A(Brand";v="99", "Microsoft Edge";v="121", "Chromium";v="121"
sec-ch-ua-mobile: ?0
User-Agent: Mozilla/5.0 (Windows NT 10.0; Win64; x64) AppleWebKit/537.36 (KHTML, like Gecko) Chrome/121.0.0.0 Safari/537.36 Edg/121.0.0.0
sec-ch-ua-platform: "Windows"
Accept: image/avif,image/webp,image/apng,image/svg+xml,image/*,*/*;q=0.8
Sec-Fetch-Site: same-origin
Sec-Fetch-Mode: no-cors
Sec-Fetch-Dest: image
Referer: http://localhost:8080/register
Accept-Encoding: gzip, deflate, br
Accept-Language: zh-CN,zh;q=0.9,en;q=0.8,en-GB;q=0.7,en-US;q=0.6
Cookie: tenantId=default; _xsrf=2|f6975bc1|155980fe6e864b155fe3009b09e4e2bc|1704460198; username-localhost-8888="2|1:0|10:1705044573|23:username-localhost-8888|44:M2VkM2VjMjRkZGE4NDQ4ZWExMmEzMDhmMDQ3ODQ4N2U=|f7152eddae41ef00aee04836a44dfa5146e1a784dea07e34773fbd606e7bfe09"


Wed Jan 31 16:46:00 2024
 [INFO] Parsing HTTP requests
Wed Jan 31 16:46:00 2024
 [INFO] Handling HTTP request for URI: /favicon.ico
Wed Jan 31 16:46:00 2024
 [INFO] Sending back: 404 NOT FOUND!!!
